<?xml version="1.0" encoding="UTF-8"?>
<!-- Generated by org.testng.reporters.JUnitReportReporter -->
<testsuite skipped="2" hostname="Bobs-MBP.fios-router.home" name="com.api.tests.GETCallAPI" tests="3" failures="0" timestamp="14 Jan 2020 01:39:38 GMT" time="2.829" errors="0">
  <testcase name="getUserWithOneQueryParametersAPITest" time="2.829" classname="com.api.tests.GETCallAPI"/>
  <testcase name="getSingleUserAPI" classname="com.api.tests.GETCallAPI">
    <skipped/>
  </testcase> <!-- getSingleUserAPI -->
  <testcase name="getUsersAPITest" classname="com.api.tests.GETCallAPI">
    <skipped/>
  </testcase> <!-- getUsersAPITest -->
</testsuite> <!-- com.api.tests.GETCallAPI -->
