<?xml version="1.0" encoding="UTF-8"?>
<!-- Generated by org.testng.reporters.JUnitReportReporter -->
<testsuite skipped="0" hostname="Bobs-MBP.fios-router.home" name="com.api.tests.PUTCallAPI" tests="1" failures="0" timestamp="14 Jan 2020 02:26:27 GMT" time="2.970" errors="0">
  <testcase name="updateUserWithPUTTest" time="2.970" classname="com.api.tests.PUTCallAPI"/>
</testsuite> <!-- com.api.tests.PUTCallAPI -->
