<?xml version="1.0" encoding="UTF-8"?>
<!-- Generated by org.testng.reporters.JUnitReportReporter -->
<testsuite skipped="0" hostname="Bobs-MBP.fios-router.home" name="com.api.tests.POSTCallAPI" tests="1" failures="0" timestamp="15 Jan 2020 00:19:01 GMT" time="2.911" errors="0">
  <testcase name="createUserwithPOSTTest" time="2.911" classname="com.api.tests.POSTCallAPI"/>
</testsuite> <!-- com.api.tests.POSTCallAPI -->
