<?xml version="1.0" encoding="UTF-8"?>
<!-- Generated by org.testng.reporters.JUnitReportReporter -->
<testsuite skipped="1" hostname="Bobs-MBP.fios-router.home" name="com.api.tests.GETAPINoBDD" tests="2" failures="0" timestamp="14 Jan 2020 02:15:30 GMT" time="2.939" errors="0">
  <testcase name="getUserByParamsTest" time="2.939" classname="com.api.tests.GETAPINoBDD"/>
  <testcase name="getUserAPITest" classname="com.api.tests.GETAPINoBDD">
    <skipped/>
  </testcase> <!-- getUserAPITest -->
</testsuite> <!-- com.api.tests.GETAPINoBDD -->
