<?xml version="1.0" encoding="UTF-8"?>
<!-- Generated by org.testng.reporters.JUnitReportReporter -->
<testsuite skipped="0" hostname="Bobs-MBP.fios-router.home" name="com.api.tests.DELETECallAPI" tests="1" failures="0" timestamp="15 Jan 2020 00:50:39 GMT" time="3.289" errors="0">
  <testcase name="deleteUserAPI" time="3.289" classname="com.api.tests.DELETECallAPI"/>
</testsuite> <!-- com.api.tests.DELETECallAPI -->
